Traceback (most recent call last):
  File "/mnt/c/projects/Code/eigenbooks/bayes-missing-manual/bayes-venv/lib/python3.8/site-packages/jupyter_cache/executors/utils.py", line 51, in single_nb_execution
    executenb(
  File "/mnt/c/projects/Code/eigenbooks/bayes-missing-manual/bayes-venv/lib/python3.8/site-packages/nbclient/client.py", line 1087, in execute
    return NotebookClient(nb=nb, resources=resources, km=km, **kwargs).execute()
  File "/mnt/c/projects/Code/eigenbooks/bayes-missing-manual/bayes-venv/lib/python3.8/site-packages/nbclient/util.py", line 74, in wrapped
    return just_run(coro(*args, **kwargs))
  File "/mnt/c/projects/Code/eigenbooks/bayes-missing-manual/bayes-venv/lib/python3.8/site-packages/nbclient/util.py", line 53, in just_run
    return loop.run_until_complete(coro)
  File "/usr/local/lib/python3.8/asyncio/base_events.py", line 616, in run_until_complete
    return future.result()
  File "/mnt/c/projects/Code/eigenbooks/bayes-missing-manual/bayes-venv/lib/python3.8/site-packages/nbclient/client.py", line 540, in async_execute
    await self.async_execute_cell(
  File "/mnt/c/projects/Code/eigenbooks/bayes-missing-manual/bayes-venv/lib/python3.8/site-packages/nbclient/client.py", line 832, in async_execute_cell
    self._check_raise_for_error(cell, exec_reply)
  File "/mnt/c/projects/Code/eigenbooks/bayes-missing-manual/bayes-venv/lib/python3.8/site-packages/nbclient/client.py", line 740, in _check_raise_for_error
    raise CellExecutionError.from_cell_and_msg(cell, exec_reply['content'])
nbclient.exceptions.CellExecutionError: An error occurred while executing the following cell:
------------------
with open("index.html") as fp:
    soup = BeautifulSoup(fp, 'html.parser')
------------------

[0;31m---------------------------------------------------------------------------[0m
[0;31mFileNotFoundError[0m                         Traceback (most recent call last)
[0;32m<ipython-input-6-c3d301f137bf>[0m in [0;36m<module>[0;34m[0m
[0;32m----> 1[0;31m [0;32mwith[0m [0mopen[0m[0;34m([0m[0;34m"index.html"[0m[0;34m)[0m [0;32mas[0m [0mfp[0m[0;34m:[0m[0;34m[0m[0;34m[0m[0m
[0m[1;32m      2[0m     [0msoup[0m [0;34m=[0m [0mBeautifulSoup[0m[0;34m([0m[0mfp[0m[0;34m,[0m [0;34m'html.parser'[0m[0;34m)[0m[0;34m[0m[0;34m[0m[0m

[0;31mFileNotFoundError[0m: [Errno 2] No such file or directory: 'index.html'
FileNotFoundError: [Errno 2] No such file or directory: 'index.html'

